1644595646883:resetGame
1644595663160:resetgame
1644595667653:help
1644595673780:reset-game
1644595690954:good adie
1644595700404:bad u
1644595708033:confirm 1 a
1644595716176:confirm 3 i
1644595726463:guesses
1644595748588:reset-game
1644595757141:good adi
1644595762425:bad euc
1644595774568:confirm 0 a
1644595784504:confirm 1 d
1644595789928:guesses
1644595829193:confirm 2 m
1644595837192:confirm 3 i
1644595848399:good m
1644595856149:bad n
1644595858932:guesses
1644595870958:reset-game
1644595881657:good adie
1644595889241:bad cumtn
1644595895401:guesses
1644595906157:confirm 0 a
1644595914677:confirm 2 i
1644595919788:confirm 4 e
1644595922235:guesses
1644595933916:bad b
1644595937050:guesses
1644595949997:reset-game
1644595957848:good adb
1644595970875:bad ieucmns
1644595974526:guesses
1644595981088:confirm 1 a
1644595988121:confirm 3 d
1644595990949:guesses
1644596009285:bad r
1644596018198:confirm 0 b
1644596028028:confirm 4 y
1644596031124:guesses
1644596081741:reset-game
1644596087695:good re
1644596091045:bad can
1644596099684:guesses
1644596116928:good o
1644596119428:bad b
1644596122232:guesses
1644596144523:bad d
1644596152019:good t
1644596159703:confirm 3 e
1644596164279:confirm 4 r
1644596166931:guess
1644596170718:guesses
1644596189659:bad w
1644596210184:guesses
1644596226372:reset-game
1644596235329:good tor
1644596243978:confirm 0 t
1644596250871:confirm 1 o
1644596264311:bad canebdwh
1644596268042:guesses
1644596286887:good s
1644596300549:confirm 2 r
1644596307606:confirm 4 s
1644596311926:guesses
1644596336862:reset-game
1644596346265:good cathw
1644596350812:guesses
1644596370747:eset-game
1644596374154:reset-game
1644596380222:good ohs
1644596400892:bad craneberdtw
1644596403759:guesses
1644596412434:confirm 3 o
1644596415828:guesses
1644598821883:good adie
1644598825433:guesses
1644598905985:reset-game
1644598917147:good ade
1644598920410:bad iu
1644598922820:guesses
1644598953048:bad sk
1644598956266:guesses
1644598971030:bad th
1644598977073:confirm 2 a
1644598980419:guesses
1644599022506:bad ry
1644599032865:confirm 3 d
1644599036601:guesses
1644599072626:bad bl
1644599080674:confirm 4 e
1644599084766:guesses
1644599103969:reset-game
1644599117227:good aest
1644599129812:bad diukhrybv
1644599137417:confirm 1 e
1644599148383:confirm 2 a
1644599150875:guesses
1644599171321:reset-game
1644599185749:good rayv
1644599193747:confirm 1 v
1644599198435:confirm 2 a
1644599203000:confirm 4 y
1644599207066:guesses
1644599220894:reset-game
1644599234437:good ietb
1644599254031:bad aduskhrylvo
1644599257742:guesses
1644599265217:confirm 0 b
1644599269538:confirm 1 e
1644599272822:confir 4 t
1644599280934:confirm 4 t
1644599283367:guesses
1644599306635:reset-game
1644599310721:good e
1644599317776:bad adiu
1644599323955:confirm 3 e
1644599326621:guesses
1644599341535:good thr
1644599346298:bad o
1644599348657:guesses
1644599370219:reset-game
1644599378331:good ier
1644599388262:bad aduothw
1644599393058:guesses
1644599410162:confirm 1 i
1644599416917:bad v
1644599425869:guesses
1644599444421:good f
1644599446670:bad b
1644599453515:confirm 0 f
1644599456967:guesses
1644599478970:bad s
1644599484266:guesses
1644599509324:reset-game
1644599529042:good iot
1644599549146:bad adeuhrwvbfsy
1644599555092:confirm 0 t
1644599557677:guesses
1644600741476:reset-game
1644600753636:good fire
1644600755614:bad s
1644600765375:confirm 0 f
1644600772554:confirm 1 i
1644600780462:confirmb 2 r
1644600847571:reset-game
1644600853765:confirmb 2 r
1644600859748:confirmb 3 e
1644600866020:confirm 0 f
1644600872095:confirm 1 i
1644600880119:good dire
1644600881607:bad s
1644600884243:guesses
1644600914433:reset-game
1644600922302:good fire
1644600924362:bad d
1644600934224:confirm 0 f
1644600938042:confirm 1 i
1644600944328:confirmb 2 r
1644600951262:confirmb 3 e
1644600953697:guesses
1644600965703:bsd s
1644600968434:bad s
1644600970993:guesses
1644600995123:confirmb 4 r
1644600999533:bad b
1644601002833:guesses
1644601171389:reset-game
1644601174518:good ie
1644601177363:bad adu
1644601186880:confirmb 2 i
1644601196903:confirmb 3 e
1644601199453:guesses
1644601210757:good t
1644601216662:reset-game
1644601225326:good tei
1644601234012:reset-game
1644601242441:good ieh
1644601247910:bad tadur
1644601256289:confirmb 1 h
1644601267663:confirmb 2 i
1644601274751:confirmb 2 e
1644601281860:conform 3 e
1644601304087:confirmb 3 e
1644601309243:confirmb 3 i
1644601311547:guesses
1644601326773:reset-game
1644601334307:good ithc
1644601341105:bad adeurn
1644601346447:confirm 2 c
1644601350278:confirm 3 h
1644601361843:confirmb 0 t
1644601370316:confirmb 1 h
1644601375918:confirmb 1i
1644601380898:confirmb 1 i
1644601387820:confirmb 2 i
1644601394224:confirmb 3 i
1644601396775:guesses
1644601408660:reset-game
1644601413835:good ath
1644601427262:bad dieurncy
1644601435569:confirmb 0 a
1644601442157:cofirmb 0 t
1644601449393:confirmb 0 t
1644601455810:confirmb 1 h
1644601460891:confirmb 1 i
1644601477068:confirmb 2i
1644601477072:reset-game
1644601487120:good ath
1644601499686:bad dieurncy
1644601518222:confirmb a
1644601524955:confirmb 0 a
1644601528151:confirmb 0 t
1644601531825:confirmb 1 h
1644601534933:confirmb 1 t
1644601542950:confirmb 3 h
1644601545107:guesses
1644601571904:reset-game
1644601584105:good aty
1644601591426:confirm 3 t
1644601595417:confirm 4 y
1644601598803:confirmb 0a
1644601601685:confirmb 0 a
1644601607417:confirmb 0 t
1644601611516:confirmb 1 t
1644601615167:confirmb 2 a
1644601628400:bad dieuhrncl
1644601630709:guesses
1644759122893:reset-game
1644759125134:Quordle
1644759125138:4??3?? ITCHY - NICHE
1644759125142:5??6?? LOATH - FATTY
1644759125146:quordle.com
1644759125148:????? ?????
1644759164821:bad adiestorvpw
1644759176629:good hnu
1644759186432:confirm 0 h
1644759193753:confirm 2 n
1644759198539:confirmb 4 u
1644759202088:guesses
